<?xml version="1.0" encoding="UTF-8"?>
<!-- Generated by org.testng.reporters.JUnitReportReporter -->
<testsuite skipped="0" hostname="DESKTOP-AMT9380" name="TestPackage.HiWorld2" tests="1" failures="0" timestamp="13 Jul 2019 15:56:11 GMT" time="0.001" errors="0">
  <testcase name="a" time="0.001" classname="TestPackage.HiWorld2"/>
</testsuite> <!-- TestPackage.HiWorld2 -->
