<?xml version="1.0" encoding="UTF-8"?>
<!-- Generated by org.testng.reporters.JUnitReportReporter -->
<testsuite skipped="0" hostname="DESKTOP-AMT9380" name="TestPackage.HelloWorld" tests="3" failures="0" timestamp="13 Jul 2019 15:56:11 GMT" time="0.024" errors="0">
  <testcase name="b2" time="0.001" classname="TestPackage.HelloWorld"/>
  <testcase name="b" time="0.019" classname="TestPackage.HelloWorld"/>
  <testcase name="b1" time="0.004" classname="TestPackage.HelloWorld"/>
</testsuite> <!-- TestPackage.HelloWorld -->
